<?xml version="1.0" encoding="UTF-8"?>
<testng-results ignored="0" total="1" passed="1" failed="0" skipped="0">
  <reporter-output>
  </reporter-output>
  <suite started-at="2024-08-01T16:24:09 EDT" name="Default suite" finished-at="2024-08-01T16:24:17 EDT" duration-ms="8157">
    <groups>
    </groups>
    <test started-at="2024-08-01T16:24:09 EDT" name="Default test" finished-at="2024-08-01T16:24:17 EDT" duration-ms="8157">
      <class name="internet.DatePicker">
        <test-method is-config="true" signature="setup()[pri:0, instance:internet.DatePicker@1f59a598]" started-at="2024-08-01T16:24:09 EDT" name="setup" finished-at="2024-08-01T16:24:15 EDT" duration-ms="6125" status="PASS">
          <reporter-output>
          </reporter-output>
        </test-method> <!-- setup -->
        <test-method signature="testDatePicker()[pri:0, instance:internet.DatePicker@1f59a598]" started-at="2024-08-01T16:24:15 EDT" name="testDatePicker" finished-at="2024-08-01T16:24:17 EDT" duration-ms="1707" status="PASS">
          <reporter-output>
          </reporter-output>
        </test-method> <!-- testDatePicker -->
        <test-method is-config="true" signature="teardown()[pri:0, instance:internet.DatePicker@1f59a598]" started-at="2024-08-01T16:24:17 EDT" name="teardown" finished-at="2024-08-01T16:24:17 EDT" duration-ms="266" status="PASS">
          <reporter-output>
          </reporter-output>
        </test-method> <!-- teardown -->
      </class> <!-- internet.DatePicker -->
    </test> <!-- Default test -->
  </suite> <!-- Default suite -->
</testng-results>
